<?xml version="1.0" encoding="UTF-8"?>
<!-- Generated by org.testng.reporters.JUnitXMLReporter -->
<testsuite hostname="LAPTOP-PO5O07DD" ignored="3" name="Default test" tests="1" failures="0" timestamp="27 Feb 2021 04:34:28 GMT" time="23.177" errors="0">
  <testcase name="testValidationRule" time="9.626" classname="testscripts.AccountCreationTestCase"/>
  <testcase name="createNewAccount" time="0.0" classname="testscripts.AccountCreationTestCase">
    <ignored/>
  </testcase> <!-- createNewAccount -->
  <testcase name="userLogin" time="0.0" classname="testscripts.AccountCreationTestCase">
    <ignored/>
  </testcase> <!-- userLogin -->
  <testcase name="placeOrder" time="0.0" classname="testscripts.AccountCreationTestCase">
    <ignored/>
  </testcase> <!-- placeOrder -->
</testsuite> <!-- Default test -->
