<?xml version="1.0" encoding="UTF-8"?>
<testng-results skipped="0" failed="0" ignored="3" total="4" passed="1">
  <reporter-output>
  </reporter-output>
  <suite name="Default suite" duration-ms="23177" started-at="2021-02-27T04:34:05Z" finished-at="2021-02-27T04:34:28Z">
    <groups>
    </groups>
    <test name="Default test" duration-ms="23177" started-at="2021-02-27T04:34:05Z" finished-at="2021-02-27T04:34:28Z">
      <class name="testscripts.AccountCreationTestCase">
        <test-method status="PASS" signature="setupBrowser()[pri:0, instance:testscripts.AccountCreationTestCase@3532ec19]" name="setupBrowser" is-config="true" duration-ms="13379" started-at="2021-02-27T10:04:05Z" finished-at="2021-02-27T10:04:19Z">
          <reporter-output>
          </reporter-output>
        </test-method> <!-- setupBrowser -->
        <test-method status="PASS" signature="testValidationRule()[pri:0, instance:testscripts.AccountCreationTestCase@3532ec19]" name="testValidationRule" duration-ms="9626" started-at="2021-02-27T10:04:19Z" finished-at="2021-02-27T10:04:28Z">
          <reporter-output>
          </reporter-output>
        </test-method> <!-- testValidationRule -->
        <test-method status="PASS" signature="tearDown()[pri:0, instance:testscripts.AccountCreationTestCase@3532ec19]" name="tearDown" is-config="true" duration-ms="116" started-at="2021-02-27T10:04:28Z" finished-at="2021-02-27T10:04:28Z">
          <reporter-output>
          </reporter-output>
        </test-method> <!-- tearDown -->
      </class> <!-- testscripts.AccountCreationTestCase -->
    </test> <!-- Default test -->
  </suite> <!-- Default suite -->
</testng-results>
