<?xml version="1.0" encoding="UTF-8"?>
<testng-results skipped="0" failed="0" ignored="0" total="2" passed="2">
  <reporter-output>
  </reporter-output>
  <suite name="Default suite" duration-ms="64320" started-at="2021-02-09T09:11:06Z" finished-at="2021-02-09T09:12:10Z">
    <groups>
    </groups>
    <test name="Default test" duration-ms="64320" started-at="2021-02-09T09:11:06Z" finished-at="2021-02-09T09:12:10Z">
      <class name="testscripts.AccountCreationTestCase">
        <test-method status="PASS" signature="setupBrowser()[pri:0, instance:testscripts.AccountCreationTestCase@5419f379]" name="setupBrowser" is-config="true" duration-ms="24955" started-at="2021-02-09T14:41:06Z" finished-at="2021-02-09T14:41:31Z">
          <reporter-output>
          </reporter-output>
        </test-method> <!-- setupBrowser -->
        <test-method status="PASS" signature="createNewAccount()[pri:0, instance:testscripts.AccountCreationTestCase@5419f379]" name="createNewAccount" duration-ms="15514" started-at="2021-02-09T14:41:31Z" finished-at="2021-02-09T14:41:47Z">
          <reporter-output>
          </reporter-output>
        </test-method> <!-- createNewAccount -->
        <test-method status="PASS" signature="tearDown()[pri:0, instance:testscripts.AccountCreationTestCase@5419f379]" name="tearDown" is-config="true" duration-ms="148" started-at="2021-02-09T14:41:47Z" finished-at="2021-02-09T14:41:47Z">
          <reporter-output>
          </reporter-output>
        </test-method> <!-- tearDown -->
        <test-method status="PASS" signature="setupBrowser()[pri:0, instance:testscripts.AccountCreationTestCase@5419f379]" name="setupBrowser" is-config="true" duration-ms="13422" started-at="2021-02-09T14:41:47Z" finished-at="2021-02-09T14:42:00Z">
          <reporter-output>
          </reporter-output>
        </test-method> <!-- setupBrowser -->
        <test-method status="PASS" signature="testValidationRule()[pri:0, instance:testscripts.AccountCreationTestCase@5419f379]" name="testValidationRule" duration-ms="10131" started-at="2021-02-09T14:42:00Z" finished-at="2021-02-09T14:42:10Z">
          <reporter-output>
          </reporter-output>
        </test-method> <!-- testValidationRule -->
        <test-method status="PASS" signature="tearDown()[pri:0, instance:testscripts.AccountCreationTestCase@5419f379]" name="tearDown" is-config="true" duration-ms="106" started-at="2021-02-09T14:42:10Z" finished-at="2021-02-09T14:42:10Z">
          <reporter-output>
          </reporter-output>
        </test-method> <!-- tearDown -->
      </class> <!-- testscripts.AccountCreationTestCase -->
    </test> <!-- Default test -->
  </suite> <!-- Default suite -->
</testng-results>
